\BOOKMARK [1][-]{section.1}{INTRODUCTION}{}% 1
\BOOKMARK [2][-]{subsection.1.1}{LIST OF PUBLIC SECTOR BANKS IN INDIA}{section.1}% 2
\BOOKMARK [2][-]{subsection.1.2}{FORMATION OF SBI AND ASSOCIATE BANKS}{section.1}% 3
\BOOKMARK [2][-]{subsection.1.3}{MERGERS AND ACQUISTIONS IN BANKING SECTOR}{section.1}% 4
\BOOKMARK [2][-]{subsection.1.4}{SBI AND IT'S ASSOCIATES MERGER}{section.1}% 5
\BOOKMARK [2][-]{subsection.1.5}{REASON FOR SBI AND IT'S ASSOCIATES MERGER}{section.1}% 6
\BOOKMARK [2][-]{subsection.1.6}{ADVANTAGES OF MERGER}{section.1}% 7
\BOOKMARK [2][-]{subsection.1.7}{DISADVANTAGES OF MERGER}{section.1}% 8
\BOOKMARK [2][-]{subsection.1.8}{PROBLEM STATEMENT}{section.1}% 9
\BOOKMARK [2][-]{subsection.1.9}{NEED FOR THE STUDY}{section.1}% 10
\BOOKMARK [2][-]{subsection.1.10}{OBJECTIVES}{section.1}% 11
\BOOKMARK [3][-]{subsubsection.1.10.1}{PRIMARY OBJECTIVE}{subsection.1.10}% 12
\BOOKMARK [3][-]{subsubsection.1.10.2}{SECONDARY OBJECTIVE}{subsection.1.10}% 13
\BOOKMARK [1][-]{section.2}{LITERATURE REVIEW}{}% 14
\BOOKMARK [2][-]{subsection.2.1}{PSYCHOLOGICAL CONTRACT VIOLATION}{section.2}% 15
\BOOKMARK [2][-]{subsection.2.2}{CUSTOMER SATISFACTION}{section.2}% 16
\BOOKMARK [2][-]{subsection.2.3}{LOYALTY}{section.2}% 17
\BOOKMARK [2][-]{subsection.2.4}{SCOPE OF THE STUDY}{section.2}% 18
\BOOKMARK [2][-]{subsection.2.5}{PROPOSED MODEL}{section.2}% 19
\BOOKMARK [2][-]{subsection.2.6}{RESEARCH GAP}{section.2}% 20
\BOOKMARK [1][-]{section.3}{METHODOLOGY}{}% 21
\BOOKMARK [2][-]{subsection.3.1}{INTRODUCTION}{section.3}% 22
\BOOKMARK [2][-]{subsection.3.2}{HYPOTHESIS}{section.3}% 23
\BOOKMARK [2][-]{subsection.3.3}{DATA COLLECTION}{section.3}% 24
\BOOKMARK [2][-]{subsection.3.4}{PRIMARY DATA}{section.3}% 25
\BOOKMARK [2][-]{subsection.3.5}{SECONDARY DATA}{section.3}% 26
\BOOKMARK [2][-]{subsection.3.6}{INSTRUMENT}{section.3}% 27
\BOOKMARK [2][-]{subsection.3.7}{DATA PREPARATION}{section.3}% 28
\BOOKMARK [2][-]{subsection.3.8}{TECHNIQUES USED}{section.3}% 29
\BOOKMARK [2][-]{subsection.3.9}{LIMITATIONS}{section.3}% 30
\BOOKMARK [2][-]{subsection.3.10}{SUMMARY}{section.3}% 31
\BOOKMARK [1][-]{section.4}{DATA ANALYSIS}{}% 32
\BOOKMARK [2][-]{subsection.4.1}{INTRODUCTION}{section.4}% 33
\BOOKMARK [2][-]{subsection.4.2}{SCALE RELIABLITY}{section.4}% 34
\BOOKMARK [2][-]{subsection.4.3}{DEMOGRAPHICS}{section.4}% 35
\BOOKMARK [2][-]{subsection.4.4}{DESCRIPTIVE STATISTICS}{section.4}% 36
\BOOKMARK [2][-]{subsection.4.5}{REGRESSION ANALYSIS}{section.4}% 37
\BOOKMARK [1][-]{section.5}{CUSTOMER SATISFACTION INDEX}{}% 38
\BOOKMARK [2][-]{subsection.5.1}{CUSTOMER SATISFACTION INDEX CALCULATION}{section.5}% 39
\BOOKMARK [1][-]{section.6}{SUMMARY}{}% 40
\BOOKMARK [1][-]{section.7}{CONCLUSION}{}% 41
\BOOKMARK [2][-]{subsection.7.1}{FINDINGS}{section.7}% 42
\BOOKMARK [2][-]{subsection.7.2}{CONCLUSION}{section.7}% 43
\BOOKMARK [2][-]{subsection.7.3}{FUTURE WORK}{section.7}% 44
\BOOKMARK [1][-]{section.8}{REFERENCES}{}% 45
